c:\users\tidek\documents\__fullsail\work\c23 engine development\day 1\memorymanagement\renderer\renderer\x64\debug\vc143.pdb
c:\users\tidek\documents\__fullsail\work\c23 engine development\day 1\memorymanagement\renderer\renderer\x64\debug\vc143.idb
c:\users\tidek\documents\__fullsail\work\c23 engine development\day 1\memorymanagement\renderer\renderer\x64\debug\renderer.obj
c:\users\tidek\documents\__fullsail\work\c23 engine development\day 1\memorymanagement\renderer\renderer\x64\debug\main.obj
c:\users\tidek\documents\__fullsail\work\c23 engine development\day 1\memorymanagement\renderer\renderer\x64\debug\dev_app.obj
c:\users\tidek\documents\__fullsail\work\c23 engine development\day 1\memorymanagement\renderer\renderer\x64\debug\debug_renderer.obj
c:\users\tidek\documents\__fullsail\work\c23 engine development\day 1\memorymanagement\renderer\renderer\x64\debug\blob.obj
c:\users\tidek\documents\__fullsail\work\c23 engine development\day 1\memorymanagement\renderer\renderer\ps_cube.cso
c:\users\tidek\documents\__fullsail\work\c23 engine development\day 1\memorymanagement\renderer\renderer\ps_line.cso
c:\users\tidek\documents\__fullsail\work\c23 engine development\day 1\memorymanagement\renderer\renderer\vs_cube.cso
c:\users\tidek\documents\__fullsail\work\c23 engine development\day 1\memorymanagement\renderer\renderer\vs_line.cso
c:\users\tidek\documents\__fullsail\work\c23 engine development\day 1\memorymanagement\renderer\x64\debug\renderer.exe
c:\users\tidek\documents\__fullsail\work\c23 engine development\day 1\memorymanagement\renderer\renderer\x64\debug\renderer.ilk
c:\users\tidek\documents\__fullsail\work\c23 engine development\day 1\memorymanagement\renderer\x64\debug\renderer.pdb
c:\users\tidek\documents\__fullsail\work\c23 engine development\day 1\memorymanagement\renderer\renderer\x64\debug\vc141.idb
c:\users\tidek\documents\__fullsail\work\c23 engine development\day 1\memorymanagement\renderer\renderer\x64\debug\vc141.pdb
c:\users\tidek\documents\__fullsail\work\c23 engine development\day 1\memorymanagement\renderer\x64\debug\renderer.ilk
c:\users\tidek\documents\__fullsail\work\c23 engine development\day 1\memorymanagement\renderer\renderer\x64\debug\renderer.tlog\cl.command.1.tlog
c:\users\tidek\documents\__fullsail\work\c23 engine development\day 1\memorymanagement\renderer\renderer\x64\debug\renderer.tlog\cl.read.1.tlog
c:\users\tidek\documents\__fullsail\work\c23 engine development\day 1\memorymanagement\renderer\renderer\x64\debug\renderer.tlog\cl.write.1.tlog
c:\users\tidek\documents\__fullsail\work\c23 engine development\day 1\memorymanagement\renderer\renderer\x64\debug\renderer.tlog\fxc.command.1.tlog
c:\users\tidek\documents\__fullsail\work\c23 engine development\day 1\memorymanagement\renderer\renderer\x64\debug\renderer.tlog\fxc.read.1.tlog
c:\users\tidek\documents\__fullsail\work\c23 engine development\day 1\memorymanagement\renderer\renderer\x64\debug\renderer.tlog\fxc.write.1.tlog
c:\users\tidek\documents\__fullsail\work\c23 engine development\day 1\memorymanagement\renderer\renderer\x64\debug\renderer.tlog\link.command.1.tlog
c:\users\tidek\documents\__fullsail\work\c23 engine development\day 1\memorymanagement\renderer\renderer\x64\debug\renderer.tlog\link.read.1.tlog
c:\users\tidek\documents\__fullsail\work\c23 engine development\day 1\memorymanagement\renderer\renderer\x64\debug\renderer.tlog\link.write.1.tlog
